c:\users\0118888\desktop\shader_blur_fullscreen_slow\shader_blur_fullscreen\debug\vc141.pdb
c:\users\0118888\desktop\shader_blur_fullscreen_slow\shader_blur_fullscreen\debug\vc141.idb
c:\users\0118888\desktop\shader_blur_fullscreen_slow\shader_blur_fullscreen\debug\demo.obj
c:\users\0118888\desktop\shader_blur_fullscreen_slow\shader_blur_fullscreen\debug\vector.obj
c:\users\0118888\desktop\shader_blur_fullscreen_slow\shader_blur_fullscreen\debug\matrix.obj
c:\users\0118888\desktop\shader_blur_fullscreen_slow\shader_blur_fullscreen\debug\geometry_utils.obj
c:\users\0118888\desktop\shader_blur_fullscreen_slow\debug\shader_blur_fullscreen.exe
c:\users\0118888\desktop\shader_blur_fullscreen_slow\debug\shader_blur_fullscreen.ilk
c:\users\0118888\desktop\shader_blur_fullscreen_slow\debug\shader_blur_fullscreen.pdb
c:\users\shengwei\desktop\shader_blur_fullscreen_slow\shader_blur_fullscreen\debug\demo.obj
c:\users\shengwei\desktop\shader_blur_fullscreen_slow\shader_blur_fullscreen\debug\geometry_utils.obj
c:\users\shengwei\desktop\shader_blur_fullscreen_slow\shader_blur_fullscreen\debug\matrix.obj
c:\users\shengwei\desktop\shader_blur_fullscreen_slow\shader_blur_fullscreen\debug\vector.obj
c:\users\shengwei\desktop\shader_blur_fullscreen_slow\shader_blur_fullscreen\debug\vc141.idb
c:\users\shengwei\desktop\shader_blur_fullscreen_slow\shader_blur_fullscreen\debug\vc141.pdb
c:\users\shengwei\desktop\shader_blur_fullscreen_slow\debug\shader_blur_fullscreen.pdb
c:\users\shengwei\desktop\shader_blur_fullscreen_slow\debug\shader_blur_fullscreen.exe
c:\users\shengwei\desktop\shader_blur_fullscreen_slow\debug\shader_blur_fullscreen.ilk
c:\users\shengwei\desktop\shader_blur_fullscreen_slow\shader_blur_fullscreen\debug\shader_b.7d417d45.tlog\cl.command.1.tlog
c:\users\shengwei\desktop\shader_blur_fullscreen_slow\shader_blur_fullscreen\debug\shader_b.7d417d45.tlog\cl.read.1.tlog
c:\users\shengwei\desktop\shader_blur_fullscreen_slow\shader_blur_fullscreen\debug\shader_b.7d417d45.tlog\cl.write.1.tlog
c:\users\shengwei\desktop\shader_blur_fullscreen_slow\shader_blur_fullscreen\debug\shader_b.7d417d45.tlog\link.command.1.tlog
c:\users\shengwei\desktop\shader_blur_fullscreen_slow\shader_blur_fullscreen\debug\shader_b.7d417d45.tlog\link.read.1.tlog
c:\users\shengwei\desktop\shader_blur_fullscreen_slow\shader_blur_fullscreen\debug\shader_b.7d417d45.tlog\link.write.1.tlog
