e:\photonglfwmotiondemo_newphoton_vc17_simple\hellophoton\debug\vc141.pdb
e:\photonglfwmotiondemo_newphoton_vc17_simple\hellophoton\debug\vc141.idb
e:\photonglfwmotiondemo_newphoton_vc17_simple\hellophoton\debug\main.obj
e:\photonglfwmotiondemo_newphoton_vc17_simple\hellophoton\debug\myphoton.obj
e:\photonglfwmotiondemo_newphoton_vc17_simple\debug\hellophoton.exe
e:\photonglfwmotiondemo_newphoton_vc17_simple\debug\hellophoton.ilk
e:\photonglfwmotiondemo_newphoton_vc17_simple\debug\hellophoton.pdb
h:\photonglfwmotiondemo_newphoton_vc17_simple\hellophoton\debug\main.obj
h:\photonglfwmotiondemo_newphoton_vc17_simple\hellophoton\debug\myphoton.obj
h:\photonglfwmotiondemo_newphoton_vc17_simple\hellophoton\debug\vc141.idb
h:\photonglfwmotiondemo_newphoton_vc17_simple\hellophoton\debug\vc141.pdb
h:\photonglfwmotiondemo_newphoton_vc17_simple\debug\hellophoton.pdb
h:\photonglfwmotiondemo_newphoton_vc17_simple\debug\hellophoton.exe
h:\photonglfwmotiondemo_newphoton_vc17_simple\debug\hellophoton.ilk
h:\photonglfwmotiondemo_newphoton_vc17_simple\hellophoton\debug\hellophoton.tlog\cl.command.1.tlog
h:\photonglfwmotiondemo_newphoton_vc17_simple\hellophoton\debug\hellophoton.tlog\cl.read.1.tlog
h:\photonglfwmotiondemo_newphoton_vc17_simple\hellophoton\debug\hellophoton.tlog\cl.write.1.tlog
h:\photonglfwmotiondemo_newphoton_vc17_simple\hellophoton\debug\hellophoton.tlog\link.command.1.tlog
h:\photonglfwmotiondemo_newphoton_vc17_simple\hellophoton\debug\hellophoton.tlog\link.read.1.tlog
h:\photonglfwmotiondemo_newphoton_vc17_simple\hellophoton\debug\hellophoton.tlog\link.write.1.tlog
