d:\users\area51lecturer\desktop\cf\photonglfwmotiondemo\hellophoton\debug\vc141.pdb
d:\users\area51lecturer\desktop\cf\photonglfwmotiondemo\hellophoton\debug\vc141.idb
d:\users\area51lecturer\desktop\cf\photonglfwmotiondemo\hellophoton\debug\gameobject.obj
d:\users\area51lecturer\desktop\cf\photonglfwmotiondemo\hellophoton\debug\main.obj
d:\users\area51lecturer\desktop\cf\photonglfwmotiondemo\hellophoton\debug\sprite.obj
d:\users\area51lecturer\desktop\cf\photonglfwmotiondemo\hellophoton\debug\application.obj
d:\users\area51lecturer\desktop\cf\photonglfwmotiondemo\hellophoton\debug\myphoton.obj
d:\users\area51lecturer\desktop\cf\photonglfwmotiondemo_newphoton_vc17\hellophoton\debug\vc141.pdb
d:\users\area51lecturer\desktop\cf\photonglfwmotiondemo_newphoton_vc17\hellophoton\debug\vc141.idb
d:\users\area51lecturer\desktop\cf\photonglfwmotiondemo_newphoton_vc17\hellophoton\debug\application.obj
d:\users\area51lecturer\desktop\cf\photonglfwmotiondemo_newphoton_vc17\hellophoton\debug\gameobject.obj
d:\users\area51lecturer\desktop\cf\photonglfwmotiondemo_newphoton_vc17\hellophoton\debug\myphoton.obj
d:\users\area51lecturer\desktop\cf\photonglfwmotiondemo_newphoton_vc17\hellophoton\debug\main.obj
d:\users\area51lecturer\desktop\cf\photonglfwmotiondemo_newphoton_vc17\hellophoton\debug\sprite.obj
d:\users\area51lecturer\desktop\cf\photonglfwmotiondemo\debug\hellophoton.ilk
d:\users\area51lecturer\desktop\cf\photonglfwmotiondemo\debug\hellophoton.exe
d:\users\area51lecturer\desktop\cf\photonglfwmotiondemo\debug\hellophoton.pdb
d:\users\area51lecturer\desktop\cf\photonglfwmotiondemo_newphoton_vc17\debug\hellophoton.exe
d:\users\area51lecturer\desktop\cf\photonglfwmotiondemo_newphoton_vc17\debug\hellophoton.ilk
d:\users\area51lecturer\desktop\cf\photonglfwmotiondemo_newphoton_vc17\debug\hellophoton.pdb
c:\users\student.msilp-01\desktop\chinfoo\photonglfwmotiondemo_newphoton_vc17\debug\hellophoton.exe
c:\users\student.msilp-01\desktop\chinfoo\photonglfwmotiondemo_newphoton_vc17\hellophoton\debug\hellophoton.tlog\cl.command.1.tlog
c:\users\student.msilp-01\desktop\chinfoo\photonglfwmotiondemo_newphoton_vc17\hellophoton\debug\hellophoton.tlog\cl.read.1.tlog
c:\users\student.msilp-01\desktop\chinfoo\photonglfwmotiondemo_newphoton_vc17\hellophoton\debug\hellophoton.tlog\cl.write.1.tlog
c:\users\student.msilp-01\desktop\chinfoo\photonglfwmotiondemo_newphoton_vc17\hellophoton\debug\hellophoton.tlog\link.command.1.tlog
c:\users\student.msilp-01\desktop\chinfoo\photonglfwmotiondemo_newphoton_vc17\hellophoton\debug\hellophoton.tlog\link.read.1.tlog
c:\users\student.msilp-01\desktop\chinfoo\photonglfwmotiondemo_newphoton_vc17\hellophoton\debug\hellophoton.tlog\link.write.1.tlog
