  Application.cpp
c:\program files (x86)\windows kits\10\include\10.0.17763.0\shared\minwindef.h(130): warning C4005: 'APIENTRY': macro redefinition
  d:\sdk\glfw-3.2.1.bin.win32\include\glfw\glfw3.h(98): note: see previous definition of 'APIENTRY'
e:\predictionandinterpolation\hellophoton\application.cpp(44): warning C4244: 'argument': conversion from 'time_t' to 'unsigned int', possible loss of data
e:\predictionandinterpolation\hellophoton\application.cpp(58): warning C4305: 'argument': truncation from 'double' to 'float'
e:\predictionandinterpolation\hellophoton\application.cpp(61): warning C4244: 'argument': conversion from 'int' to 'float', possible loss of data
e:\predictionandinterpolation\hellophoton\application.cpp(65): warning C4305: 'argument': truncation from 'double' to 'float'
e:\predictionandinterpolation\hellophoton\application.cpp(182): warning C4018: '<': signed/unsigned mismatch
e:\predictionandinterpolation\hellophoton\application.cpp(191): warning C4018: '<': signed/unsigned mismatch
e:\predictionandinterpolation\hellophoton\application.cpp(197): warning C4018: '<': signed/unsigned mismatch
e:\predictionandinterpolation\hellophoton\application.cpp(206): warning C4018: '<': signed/unsigned mismatch
e:\predictionandinterpolation\hellophoton\application.cpp(221): warning C4018: '<': signed/unsigned mismatch
e:\predictionandinterpolation\hellophoton\application.cpp(242): warning C4018: '<': signed/unsigned mismatch
e:\predictionandinterpolation\hellophoton\application.cpp(278): warning C4018: '<': signed/unsigned mismatch
e:\predictionandinterpolation\hellophoton\application.cpp(282): warning C4018: '<': signed/unsigned mismatch
e:\predictionandinterpolation\hellophoton\application.cpp(319): warning C4244: 'initializing': conversion from 'double' to 'float', possible loss of data
e:\predictionandinterpolation\hellophoton\application.cpp(443): warning C4244: 'argument': conversion from 'double' to 'float', possible loss of data
e:\predictionandinterpolation\hellophoton\application.cpp(444): warning C4244: 'initializing': conversion from 'double' to 'float', possible loss of data
e:\predictionandinterpolation\hellophoton\application.cpp(445): warning C4244: 'initializing': conversion from 'double' to 'float', possible loss of data
  MyPhoton.cpp
  main.cpp
  Generating Code...
  HelloPhoton.vcxproj -> E:\PredictionAndInterpolation\Debug\HelloPhoton.exe
