c:\users\shengwei\source\repos\0118888_boidsimulation\0118888_boidsimulation\debug\vc141.pdb
c:\users\shengwei\source\repos\0118888_boidsimulation\0118888_boidsimulation\debug\vc141.idb
c:\users\shengwei\source\repos\0118888_boidsimulation\0118888_boidsimulation\debug\main.obj
c:\users\shengwei\source\repos\0118888_boidsimulation\0118888_boidsimulation\debug\boid.obj
c:\users\shengwei\source\repos\0118888_boidsimulation\0118888_boidsimulation\debug\vector2.obj
c:\users\shengwei\source\repos\0118888_boidsimulation\0118888_boidsimulation\debug\flock.obj
c:\users\shengwei\source\repos\0118888_boidsimulation\debug\0118888_boidsimulation.exe
c:\users\shengwei\source\repos\0118888_boidsimulation\debug\0118888_boidsimulation.ilk
c:\users\shengwei\source\repos\0118888_boidsimulation\debug\0118888_boidsimulation.pdb
c:\users\0118888\desktop\0118888_boidsimulation\0118888_boidsimulation\debug\boid.obj
c:\users\0118888\desktop\0118888_boidsimulation\0118888_boidsimulation\debug\flock.obj
c:\users\0118888\desktop\0118888_boidsimulation\0118888_boidsimulation\debug\main.obj
c:\users\0118888\desktop\0118888_boidsimulation\0118888_boidsimulation\debug\vector2.obj
c:\users\0118888\desktop\0118888_boidsimulation\0118888_boidsimulation\debug\vc141.idb
c:\users\0118888\desktop\0118888_boidsimulation\0118888_boidsimulation\debug\vc141.pdb
c:\users\0118888\desktop\0118888_boidsimulation\debug\0118888_boidsimulation.pdb
c:\users\0118888\desktop\0118888_boidsimulation\debug\0118888_boidsimulation.exe
c:\users\0118888\desktop\0118888_boidsimulation\debug\0118888_boidsimulation.ilk
c:\users\0118888\desktop\0118888_boidsimulation\0118888_boidsimulation\debug\0118888_.374ce417.tlog\cl.command.1.tlog
c:\users\0118888\desktop\0118888_boidsimulation\0118888_boidsimulation\debug\0118888_.374ce417.tlog\cl.read.1.tlog
c:\users\0118888\desktop\0118888_boidsimulation\0118888_boidsimulation\debug\0118888_.374ce417.tlog\cl.write.1.tlog
c:\users\0118888\desktop\0118888_boidsimulation\0118888_boidsimulation\debug\0118888_.374ce417.tlog\link.command.1.tlog
c:\users\0118888\desktop\0118888_boidsimulation\0118888_boidsimulation\debug\0118888_.374ce417.tlog\link.read.1.tlog
c:\users\0118888\desktop\0118888_boidsimulation\0118888_boidsimulation\debug\0118888_.374ce417.tlog\link.write.1.tlog
